Using pre-set license
Built from '2020.3/staging' branch; Version is '2020.3.11f1 (99c7afb366b3) revision 10078127'; Using compiler version '192528614'; Build Type 'Release'
OS: 'Windows 10 Home; OS build 19043.1466; Version 2009; 64bit' Language: 'en' Physical Memory: 16336 MB
BatchMode: 1, IsHumanControllingUs: 0, StartBugReporterOnCrash: 0, Is64bit: 1, IsPro: 0

 COMMAND LINE ARGUMENTS:
C:\Program Files\Unity\Hub\Editor\2020.3.11f1\Editor\Unity.exe
-adb2
-batchMode
-noUpm
-name
AssetImportWorker0
-projectPath
C:/Users/nuno_/Desktop/segundo ano universidade/2020 and 21/2nd semester/AI/StoneBound
-logFile
Logs/AssetImportWorker0.log
-srvPort
57541
Successfully changed project path to: C:/Users/nuno_/Desktop/segundo ano universidade/2020 and 21/2nd semester/AI/StoneBound
C:/Users/nuno_/Desktop/segundo ano universidade/2020 and 21/2nd semester/AI/StoneBound
Using Asset Import Pipeline V2.
Refreshing native plugins compatible for Editor in 45.36 ms, found 2 plugins.
Preloading 0 native plugins for Editor in 0.00 ms.
Initialize engine version: 2020.3.11f1 (99c7afb366b3)
[Subsystems] Discovering subsystems at path C:/Program Files/Unity/Hub/Editor/2020.3.11f1/Editor/Data/Resources/UnitySubsystems
[Subsystems] Discovering subsystems at path C:/Users/nuno_/Desktop/segundo ano universidade/2020 and 21/2nd semester/AI/StoneBound/Assets
GfxDevice: creating device client; threaded=0
Direct3D:
    Version:  Direct3D 11.0 [level 11.1]
    Renderer: NVIDIA GeForce GTX 1060 (ID=0x1c60)
    Vendor:   
    VRAM:     6052 MB
    Driver:   30.0.14.9729
Initialize mono
Mono path[0] = 'C:/Program Files/Unity/Hub/Editor/2020.3.11f1/Editor/Data/Managed'
Mono path[1] = 'C:/Program Files/Unity/Hub/Editor/2020.3.11f1/Editor/Data/MonoBleedingEdge/lib/mono/unityjit'
Mono config path = 'C:/Program Files/Unity/Hub/Editor/2020.3.11f1/Editor/Data/MonoBleedingEdge/etc'
Using monoOptions --debugger-agent=transport=dt_socket,embedding=1,server=y,suspend=n,address=127.0.0.1:56812
Begin MonoManager ReloadAssembly
Registering precompiled unity dll's ...
Register platform support module: C:/Program Files/Unity/Hub/Editor/2020.3.11f1/Editor/Data/PlaybackEngines/WindowsStandaloneSupport/UnityEditor.WindowsStandalone.Extensions.dll
Registered in 0.005558 seconds.
Native extension for WindowsStandalone target not found
Refreshing native plugins compatible for Editor in 36.56 ms, found 2 plugins.
Preloading 0 native plugins for Editor in 0.00 ms.
Mono: successfully reloaded assembly
- Completed reload, in  1.650 seconds
Platform modules already initialized, skipping
Registering precompiled user dll's ...
Registered in 0.007704 seconds.
Begin MonoManager ReloadAssembly
Native extension for WindowsStandalone target not found
Refreshing native plugins compatible for Editor in 0.31 ms, found 2 plugins.
Preloading 0 native plugins for Editor in 0.00 ms.
Mono: successfully reloaded assembly
- Completed reload, in  1.449 seconds
Platform modules already initialized, skipping
========================================================================
Worker process is ready to serve import requests
Launched and connected shader compiler UnityShaderCompiler.exe after 0.13 seconds
Refreshing native plugins compatible for Editor in 0.54 ms, found 2 plugins.
Preloading 0 native plugins for Editor in 0.00 ms.
Unloading 1463 Unused Serialized files (Serialized files now loaded: 0)
System memory in use before: 75.8 MB.
System memory in use after: 75.9 MB.

Unloading 18 unused Assets to reduce memory usage. Loaded Objects now: 1915.
Total: 2.847800 ms (FindLiveObjects: 0.158500 ms CreateObjectMapping: 0.041500 ms MarkObjects: 2.446600 ms  DeleteObjects: 0.199700 ms)

========================================================================
Received Import Request.
  path: Assets/Scenes/Forest.unity
  artifactKey: Guid(105c71c7d1215ae40965222e69c8fa62) Importer(815301076,1909f56bfc062723c751e8b465ee728b)
Start importing Assets/Scenes/Forest.unity using Guid(105c71c7d1215ae40965222e69c8fa62) Importer(815301076,1909f56bfc062723c751e8b465ee728b)  -> (artifact id: 'c1c8900155967fcc5926452f4258e393') in 0.014991 seconds
  Import took 0.023458 seconds .

========================================================================
Received Import Request.
  Time since last request: 0.000336 seconds.
  path: Assets/Scenes/CavernNewType.unity
  artifactKey: Guid(88057f142d0092a488f4197f828607b0) Importer(815301076,1909f56bfc062723c751e8b465ee728b)
Start importing Assets/Scenes/CavernNewType.unity using Guid(88057f142d0092a488f4197f828607b0) Importer(815301076,1909f56bfc062723c751e8b465ee728b)  -> (artifact id: '5dff133a83d50ce25a0e1bd759f07ed9') in 0.003733 seconds
  Import took 0.008692 seconds .

========================================================================
Received Prepare
Registering precompiled user dll's ...
Registered in 0.009902 seconds.
Begin MonoManager ReloadAssembly
Native extension for WindowsStandalone target not found
Refreshing native plugins compatible for Editor in 0.35 ms, found 2 plugins.
Preloading 0 native plugins for Editor in 0.00 ms.
Mono: successfully reloaded assembly
- Completed reload, in  2.196 seconds
Platform modules already initialized, skipping
Refreshing native plugins compatible for Editor in 0.45 ms, found 2 plugins.
Preloading 0 native plugins for Editor in 0.00 ms.
Unloading 1445 Unused Serialized files (Serialized files now loaded: 0)
System memory in use before: 74.5 MB.
System memory in use after: 74.6 MB.

Unloading 14 unused Assets to reduce memory usage. Loaded Objects now: 1918.
Total: 2.138700 ms (FindLiveObjects: 0.171400 ms CreateObjectMapping: 0.071700 ms MarkObjects: 1.834600 ms  DeleteObjects: 0.059600 ms)

========================================================================
Received Prepare
Refreshing native plugins compatible for Editor in 8.53 ms, found 2 plugins.
Preloading 0 native plugins for Editor in 0.00 ms.
Unloading 12 Unused Serialized files (Serialized files now loaded: 0)
System memory in use before: 45.7 MB.
System memory in use after: 45.7 MB.

Unloading 12 unused Assets to reduce memory usage. Loaded Objects now: 1918.
Total: 2.123700 ms (FindLiveObjects: 0.154300 ms CreateObjectMapping: 0.052900 ms MarkObjects: 1.863500 ms  DeleteObjects: 0.052200 ms)

AssetImportWorkerClient::OnTransportError - code=2 error=End of file
